<?xml version="1.0" encoding="UTF-8"?>
<testng-results ignored="0" total="1" passed="1" failed="0" skipped="0">
  <reporter-output>
  </reporter-output>
  <suite started-at="2022-10-23T11:25:34 CEST" name="AmazonTest" finished-at="2022-10-23T11:26:00 CEST" duration-ms="25377">
    <groups>
    </groups>
    <test started-at="2022-10-23T11:25:34 CEST" name="Chrome execution" finished-at="2022-10-23T11:26:00 CEST" duration-ms="25377">
      <class name="com.amazon.test.AmazonWebTest">
        <test-method is-config="true" signature="beforeSuite()[pri:0, instance:com.amazon.test.AmazonWebTest@5792c08c]" started-at="2022-10-23T11:25:34 CEST" name="beforeSuite" finished-at="2022-10-23T11:25:34 CEST" duration-ms="322" status="PASS">
          <reporter-output>
          </reporter-output>
        </test-method> <!-- beforeSuite -->
        <test-method is-config="true" signature="preCondition(java.lang.String)[pri:0, instance:com.amazon.test.AmazonWebTest@5792c08c]" started-at="2022-10-23T11:25:34 CEST" name="preCondition" finished-at="2022-10-23T11:25:40 CEST" duration-ms="5907" status="PASS">
          <params>
            <param index="0">
              <value>
                <![CDATA[chrome]]>
              </value>
            </param>
          </params>
          <reporter-output>
          </reporter-output>
        </test-method> <!-- preCondition -->
        <test-method signature="TestItemAboutSection(java.lang.String,java.lang.String,java.lang.String,java.lang.String,java.lang.String)[pri:0, instance:com.amazon.test.AmazonWebTest@5792c08c]" started-at="2022-10-23T11:25:40 CEST" name="TestItemAboutSection" description="verify the About Section is displayed against the item" data-provider="Shopping_Data" finished-at="2022-10-23T11:25:59 CEST" duration-ms="18752" status="PASS">
          <params>
            <param index="0">
              <value>
                <![CDATA[TV, Appliances, Electronics]]>
              </value>
            </param>
            <param index="1">
              <value>
                <![CDATA[Televisions]]>
              </value>
            </param>
            <param index="2">
              <value>
                <![CDATA[Brands]]>
              </value>
            </param>
            <param index="3">
              <value>
                <![CDATA[Samsung]]>
              </value>
            </param>
            <param index="4">
              <value>
                <![CDATA[Price: High to Low]]>
              </value>
            </param>
          </params>
          <reporter-output>
          </reporter-output>
        </test-method> <!-- TestItemAboutSection -->
        <test-method is-config="true" signature="postCondition()[pri:0, instance:com.amazon.test.AmazonWebTest@5792c08c]" started-at="2022-10-23T11:25:59 CEST" name="postCondition" finished-at="2022-10-23T11:26:00 CEST" duration-ms="575" status="PASS">
          <reporter-output>
          </reporter-output>
        </test-method> <!-- postCondition -->
      </class> <!-- com.amazon.test.AmazonWebTest -->
    </test> <!-- Chrome execution -->
  </suite> <!-- AmazonTest -->
</testng-results>
